<?xml version="1.0" encoding="UTF-8"?>
<!-- Generated by org.testng.reporters.JUnitReportReporter -->
<testsuite hostname="LCE51296" failures="0" tests="4" name="Calculator.CalculatorPageTest" time="1.644" errors="0" timestamp="2022-07-03T16:14:36 EEST" skipped="0">
  <testcase classname="Calculator.CalculatorPageTest" name="sumCalculator" time="0.544"/>
  <system-out/>
  <testcase classname="Calculator.CalculatorPageTest" name="minusCalculator" time="0.349"/>
  <system-out/>
  <testcase classname="Calculator.CalculatorPageTest" name="timesCalculator" time="0.370"/>
  <system-out/>
  <testcase classname="Calculator.CalculatorPageTest" name="divideCalculator" time="0.381"/>
  <system-out/>
</testsuite> <!-- Calculator.CalculatorPageTest -->
