<?xml version="1.0" encoding="UTF-8"?>
<!-- Generated by org.testng.reporters.JUnitReportReporter -->
<testsuite hostname="LCE51296" failures="0" tests="3" name="AlertBoxExamples.AlertBoxExamplePageTest" time="0.275" errors="0" timestamp="2022-07-03T16:14:36 EEST" skipped="0">
  <testcase classname="AlertBoxExamples.AlertBoxExamplePageTest" name="testConfirmBoxNegative" time="0.127"/>
  <system-out/>
  <testcase classname="AlertBoxExamples.AlertBoxExamplePageTest" name="testAlertBox" time="0.084"/>
  <system-out/>
  <testcase classname="AlertBoxExamples.AlertBoxExamplePageTest" name="testConfirmBoxPositive" time="0.064"/>
  <system-out/>
</testsuite> <!-- AlertBoxExamples.AlertBoxExamplePageTest -->
